actionid: tox
msg: packaging
cmdargs: ['/usr/bin/python3', local('/home/anchit/Sem3/SSAD/20171041_assignment3/20171041_part2/_refactored/setup.py'), 'sdist', '--formats=zip', '--dist-dir', local('/home/anchit/Sem3/SSAD/20171041_assignment3/20171041_part2/_refactored/.tox/dist')]
env: None

running sdist
running egg_info
writing top-level names to Mario.egg-info/top_level.txt
writing dependency_links to Mario.egg-info/dependency_links.txt
writing Mario.egg-info/PKG-INFO
reading manifest file 'Mario.egg-info/SOURCES.txt'
writing manifest file 'Mario.egg-info/SOURCES.txt'
running check
warning: check: missing required meta-data: url

creating Mario-1.0.0
creating Mario-1.0.0/Mario.egg-info
creating Mario-1.0.0/test
copying files to Mario-1.0.0...
copying README.md -> Mario-1.0.0
copying setup.py -> Mario-1.0.0
copying Mario.egg-info/PKG-INFO -> Mario-1.0.0/Mario.egg-info
copying Mario.egg-info/SOURCES.txt -> Mario-1.0.0/Mario.egg-info
copying Mario.egg-info/dependency_links.txt -> Mario-1.0.0/Mario.egg-info
copying Mario.egg-info/top_level.txt -> Mario-1.0.0/Mario.egg-info
copying test/test_brick.py -> Mario-1.0.0/test
copying test/test_coin.py -> Mario-1.0.0/test
copying test/test_enemy.py -> Mario-1.0.0/test
copying test/test_move.py -> Mario-1.0.0/test
Writing Mario-1.0.0/setup.cfg
creating .tox/dist
creating '.tox/dist/Mario-1.0.0.zip' and adding 'Mario-1.0.0' to it
adding 'Mario-1.0.0/PKG-INFO'
adding 'Mario-1.0.0/setup.py'
adding 'Mario-1.0.0/setup.cfg'
adding 'Mario-1.0.0/README.md'
adding 'Mario-1.0.0/test/test_enemy.py'
adding 'Mario-1.0.0/test/test_brick.py'
adding 'Mario-1.0.0/test/test_move.py'
adding 'Mario-1.0.0/test/test_coin.py'
adding 'Mario-1.0.0/Mario.egg-info/SOURCES.txt'
adding 'Mario-1.0.0/Mario.egg-info/PKG-INFO'
adding 'Mario-1.0.0/Mario.egg-info/top_level.txt'
adding 'Mario-1.0.0/Mario.egg-info/dependency_links.txt'
removing 'Mario-1.0.0' (and everything under it)
